<?xml version="1.0" encoding="UTF-8"?>
<testng-results ignored="0" total="1" passed="1" failed="0" skipped="0">
  <reporter-output>
  </reporter-output>
  <suite started-at="2024-12-09T18:17:14 IST" name="Default suite" finished-at="2024-12-09T18:17:18 IST" duration-ms="4794">
    <groups>
    </groups>
    <test started-at="2024-12-09T18:17:14 IST" name="Default test" finished-at="2024-12-09T18:17:18 IST" duration-ms="4794">
      <class name="POJO_Nested_JSON.NestedJSON_Payload">
        <test-method signature="Create_User()[pri:0, instance:POJO_Nested_JSON.NestedJSON_Payload@3646a422]" started-at="2024-12-09T18:17:14 IST" name="Create_User" finished-at="2024-12-09T18:17:18 IST" duration-ms="4769" status="PASS">
          <reporter-output>
          </reporter-output>
        </test-method> <!-- Create_User -->
      </class> <!-- POJO_Nested_JSON.NestedJSON_Payload -->
    </test> <!-- Default test -->
  </suite> <!-- Default suite -->
</testng-results>
