<?xml version="1.0" encoding="UTF-8"?>
<testng-results ignored="0" total="1" passed="1" failed="0" skipped="0">
  <reporter-output>
  </reporter-output>
  <suite started-at="2025-04-09T06:29:38 IST" name="Default suite" finished-at="2025-04-09T06:29:41 IST" duration-ms="2931">
    <groups>
    </groups>
    <test started-at="2025-04-09T06:29:38 IST" name="Default test" finished-at="2025-04-09T06:29:41 IST" duration-ms="2931">
      <class name="API_Automation_Basics.Get_API_Specific_Response_Validation">
        <test-method signature="Validate_Specific_Data_In_Response()[pri:0, instance:API_Automation_Basics.Get_API_Specific_Response_Validation@26e356f0]" started-at="2025-04-09T06:29:38 IST" name="Validate_Specific_Data_In_Response" finished-at="2025-04-09T06:29:41 IST" duration-ms="2902" status="PASS">
          <reporter-output>
          </reporter-output>
        </test-method> <!-- Validate_Specific_Data_In_Response -->
      </class> <!-- API_Automation_Basics.Get_API_Specific_Response_Validation -->
    </test> <!-- Default test -->
  </suite> <!-- Default suite -->
</testng-results>
